Content-Type: multipart/alternative;
 boundary="===============9132781291592302033=="
MIME-Version: 1.0
Subject: =?utf-8?b?0JDQutGC0LjQstCw0YbQuNGPINC/0YDQvtGE0LjQu9GP?=
From: test@example.com
To: dima@mail.ru
Date: Wed, 05 Jan 2022 10:18:27 -0000
Message-ID: 
 <164137790768.92887.9474076147690144366@1.0.0.0.0.0.0.0.0.0.0.0.0.0.0.0.0.0.0.0.0.0.0.0.0.0.0.0.0.0.0.0.ip6.arpa>

--===============9132781291592302033==
Content-Type: text/plain; charset="utf-8"
MIME-Version: 1.0
Content-Transfer-Encoding: 8bit



Для активации вашего профиля, перейдите по этой ссылке:

http://127.0.0.1:8000/accounts/activate/VCzCIl64XGcyJen35BuL/

--===============9132781291592302033==
Content-Type: text/html; charset="utf-8"
MIME-Version: 1.0
Content-Transfer-Encoding: 8bit



<!DOCTYPE html PUBLIC "-//W3C//DTD XHTML 1.0 Transitional//EN"
        "http://www.w3.org/TR/xhtml1/DTD/xhtml1-transitional.dtd">
<html xmlns="http://www.w3.org/1999/xhtml">
<head>
    <meta http-equiv="Content-Type" content="text/html; charset=UTF-8"/>
    <title>Активация профиля</title>
    <meta name="viewport" content="width=device-width, initial-scale=1.0"/>
</head>

<body>

<p>
    Для активации вашего профиля, перейдите по этой ссылке:
</p>

<p>
    <a href="http://127.0.0.1:8000/accounts/activate/VCzCIl64XGcyJen35BuL/">http://127.0.0.1:8000/accounts/activate/VCzCIl64XGcyJen35BuL/</a>
</p>

</body>

</html>

--===============9132781291592302033==--

-------------------------------------------------------------------------------
