Content-Type: multipart/alternative;
 boundary="===============7358519857510076021=="
MIME-Version: 1.0
Subject: =?utf-8?b?0JjQt9C80LXQvdC40YLRjCDQv9C+0YfRgtGD?=
From: test@example.com
To: eeeee@mail.ru
Date: Wed, 05 Jan 2022 10:29:41 -0000
Message-ID: 
 <164137858174.93577.7189463577205903410@1.0.0.0.0.0.0.0.0.0.0.0.0.0.0.0.0.0.0.0.0.0.0.0.0.0.0.0.0.0.0.0.ip6.arpa>

--===============7358519857510076021==
Content-Type: text/plain; charset="utf-8"
MIME-Version: 1.0
Content-Transfer-Encoding: 8bit



Для изменения вашего адреса электронной почты, перейдите по этой ссылке:

http://127.0.0.1:8000/accounts/change/email/j0qvxojGZDxVCjdkR7sH/

--===============7358519857510076021==
Content-Type: text/html; charset="utf-8"
MIME-Version: 1.0
Content-Transfer-Encoding: 8bit



<!DOCTYPE html PUBLIC "-//W3C//DTD XHTML 1.0 Transitional//EN"
        "http://www.w3.org/TR/xhtml1/DTD/xhtml1-transitional.dtd">
<html xmlns="http://www.w3.org/1999/xhtml">
<head>
    <meta http-equiv="Content-Type" content="text/html; charset=UTF-8"/>
    <title>Изменить почту</title>
    <meta name="viewport" content="width=device-width, initial-scale=1.0"/>
</head>

<body>

<p>
    Для изменения вашего адреса электронной почты, перейдите по этой ссылке:
</p>

<p>
    <a href="http://127.0.0.1:8000/accounts/change/email/j0qvxojGZDxVCjdkR7sH/">http://127.0.0.1:8000/accounts/change/email/j0qvxojGZDxVCjdkR7sH/</a>
</p>

</body>

</html>

--===============7358519857510076021==--

-------------------------------------------------------------------------------
